2025-11-19T05:07:49.943Z [INFO]: ✔ Server running on http://localhost:5500.
2025-11-19T05:07:50.053Z [INFO]: ✔ Database Connected.
2025-11-19T05:22:25.601Z [INFO]: ✔ Server running on http://localhost:5500.
2025-11-19T05:22:25.684Z [INFO]: ✔ Database Connected.
2025-11-19T05:22:44.887Z [ERROR]: ✖ AuthController.login error: Error: Cannot read properties of undefined (reading 'findOne')
2025-11-19T05:23:49.824Z [INFO]: ✔ Server running on http://localhost:5500.
2025-11-19T05:23:49.913Z [INFO]: ✔ Database Connected.
2025-11-19T05:23:56.311Z [INFO]: ✔ Login successful: [object Object]
2025-11-19T06:01:59.967Z [INFO]: ✔ Server running on http://localhost:5500.
2025-11-19T06:02:00.042Z [INFO]: ✔ Database Connected.
2025-11-19T06:02:06.350Z [INFO]: ✔ Login successful: [object Object]
2025-11-19T06:03:04.844Z [INFO]: ✔ User register successful
2025-11-19T06:08:46.590Z [INFO]: ✔ Server running on http://localhost:5500.
2025-11-19T06:08:46.667Z [INFO]: ✔ Database Connected.
2025-11-19T06:08:53.359Z [INFO]: ✔ User register successful
2025-11-19T06:09:59.165Z [INFO]: ✔ Server running on http://localhost:5500.
2025-11-19T06:09:59.247Z [INFO]: ✔ Database Connected.
2025-11-19T06:10:04.218Z [INFO]: ✔ User register successful
2025-11-19T06:39:24.768Z [INFO]: ✔ Server running on http://localhost:5500.
2025-11-19T06:39:24.846Z [INFO]: ✔ Database Connected.
2025-11-19T06:39:40.019Z [INFO]: ✔ Server running on http://localhost:5500.
2025-11-19T06:39:40.087Z [INFO]: ✔ Database Connected.
